{"timestamp":"2025-10-07T10:00:25.641Z","level":"INFO","message":"Système de logging initialisé","context":{"directory":"C:\\Users\\USER\\OneDrive\\Documents\\school\\middleware\\projet\\reservation\\version_node-js\\logs","level":"DEBUG","retentionDays":30},"error":null}
{"timestamp":"2025-10-07T10:00:25.652Z","level":"INFO","message":"Serveur CinéReserve démarré sur le port 3000","context":{"port":3000,"environment":"development"},"error":null}
{"timestamp":"2025-10-07T10:01:08.144Z","level":"DEBUG","message":"Requête entrante : POST /films","context":{"method":"POST","url":"/films","ip":"::1","userAgent":"PostmanRuntime/7.48.0","referer":null,"contentLength":"0","requestId":"c70a7a38a3c4ed3017021006683cf32a"},"error":null}
{"timestamp":"2025-10-07T10:01:08.148Z","level":"WARN","message":"Requête terminée : POST /films","context":{"method":"POST","url":"/films","ip":"::1","userAgent":"PostmanRuntime/7.48.0","referer":null,"contentLength":"0","requestId":"c70a7a38a3c4ed3017021006683cf32a","statusCode":404,"duration":7},"error":null}
{"timestamp":"2025-10-07T10:01:35.676Z","level":"DEBUG","message":"Requête entrante : POST /login","context":{"method":"POST","url":"/login","ip":"::1","userAgent":"curl/8.14.1","referer":null,"contentLength":"23","requestId":"9cda31130640170689b6333ae001d7f4"},"error":null}
{"timestamp":"2025-10-07T10:01:35.679Z","level":"WARN","message":"Requête terminée : POST /login","context":{"method":"POST","url":"/login","ip":"::1","userAgent":"curl/8.14.1","referer":null,"contentLength":"23","requestId":"9cda31130640170689b6333ae001d7f4","statusCode":400,"duration":4},"error":null}
{"timestamp":"2025-10-07T10:02:45.629Z","level":"INFO","message":"Système de logging initialisé","context":{"directory":"C:\\Users\\USER\\OneDrive\\Documents\\school\\middleware\\projet\\reservation\\version_node-js\\logs","level":"DEBUG","retentionDays":30},"error":null}
{"timestamp":"2025-10-07T10:02:45.638Z","level":"INFO","message":"Serveur CinéReserve démarré sur le port 3000","context":{"port":3000,"environment":"development"},"error":null}
{"timestamp":"2025-10-07T10:05:02.488Z","level":"DEBUG","message":"Requête entrante : POST /login","context":{"method":"POST","url":"/login","ip":"::1","userAgent":"curl/8.14.1","referer":null,"contentLength":"19","requestId":"5a7bd1034cf393a8a2181895d70bf55a"},"error":null}
{"timestamp":"2025-10-07T10:05:02.492Z","level":"WARN","message":"Requête terminée : POST /login","context":{"method":"POST","url":"/login","ip":"::1","userAgent":"curl/8.14.1","referer":null,"contentLength":"19","requestId":"5a7bd1034cf393a8a2181895d70bf55a","statusCode":400,"duration":7},"error":null}
{"timestamp":"2025-10-07T10:06:30.464Z","level":"DEBUG","message":"Requête entrante : POST /login","context":{"method":"POST","url":"/login","ip":"::1","userAgent":"curl/8.14.1","referer":null,"contentLength":"40","requestId":"654ced80aa953ccce3fed10189420b55"},"error":null}
{"timestamp":"2025-10-07T10:06:30.466Z","level":"WARN","message":"Requête terminée : POST /login","context":{"method":"POST","url":"/login","ip":"::1","userAgent":"curl/8.14.1","referer":null,"contentLength":"40","requestId":"654ced80aa953ccce3fed10189420b55","statusCode":400,"duration":2},"error":null}
{"timestamp":"2025-10-07T10:06:46.380Z","level":"INFO","message":"Système de logging initialisé","context":{"directory":"C:\\Users\\USER\\OneDrive\\Documents\\school\\middleware\\projet\\reservation\\version_node-js\\logs","level":"DEBUG","retentionDays":30},"error":null}
{"timestamp":"2025-10-07T10:06:46.389Z","level":"INFO","message":"Serveur CinéReserve démarré sur le port 3000","context":{"port":3000,"environment":"development"},"error":null}
{"timestamp":"2025-10-07T10:06:47.932Z","level":"INFO","message":"Système de logging initialisé","context":{"directory":"C:\\Users\\USER\\OneDrive\\Documents\\school\\middleware\\projet\\reservation\\version_node-js\\logs","level":"DEBUG","retentionDays":30},"error":null}
{"timestamp":"2025-10-07T10:06:47.941Z","level":"INFO","message":"Serveur CinéReserve démarré sur le port 3000","context":{"port":3000,"environment":"development"},"error":null}
{"timestamp":"2025-10-07T10:06:49.421Z","level":"INFO","message":"Système de logging initialisé","context":{"directory":"C:\\Users\\USER\\OneDrive\\Documents\\school\\middleware\\projet\\reservation\\version_node-js\\logs","level":"DEBUG","retentionDays":30},"error":null}
{"timestamp":"2025-10-07T10:06:49.429Z","level":"INFO","message":"Serveur CinéReserve démarré sur le port 3000","context":{"port":3000,"environment":"development"},"error":null}
{"timestamp":"2025-10-07T10:06:50.687Z","level":"INFO","message":"Serveur CinéReserve démarré sur le port 3000","context":{"port":3000,"environment":"development"},"error":null}
{"timestamp":"2025-10-07T10:06:50.677Z","level":"INFO","message":"Système de logging initialisé","context":{"directory":"C:\\Users\\USER\\OneDrive\\Documents\\school\\middleware\\projet\\reservation\\version_node-js\\logs","level":"DEBUG","retentionDays":30},"error":null}
{"timestamp":"2025-10-07T10:07:01.169Z","level":"DEBUG","message":"Requête entrante : POST /login","context":{"method":"POST","url":"/login","ip":"::1","userAgent":"curl/8.14.1","referer":null,"contentLength":"44","requestId":"b2858e7ed155439656667aa6ad956136"},"error":null}
{"timestamp":"2025-10-07T10:07:01.172Z","level":"INFO","message":"Événement de sécurité : login_success","context":{"security":true,"event":"login_success","userId":1,"username":"admin","method":"POST","url":"/login","ip":"::1","userAgent":"curl/8.14.1","referer":null,"contentLength":"44","requestId":"b2858e7ed155439656667aa6ad956136"},"error":null}
{"timestamp":"2025-10-07T10:07:01.173Z","level":"INFO","message":"Requête terminée : POST /login","context":{"method":"POST","url":"/login","ip":"::1","userAgent":"curl/8.14.1","referer":null,"contentLength":"44","requestId":"b2858e7ed155439656667aa6ad956136","statusCode":200,"duration":7},"error":null}
{"timestamp":"2025-10-07T21:12:18.706Z","level":"INFO","message":"Serveur CinéReserve démarré sur le port 3000","context":{"port":3000,"environment":"development"},"error":null}
{"timestamp":"2025-10-07T21:12:18.691Z","level":"INFO","message":"Système de logging initialisé","context":{"directory":"C:\\Users\\USER\\OneDrive\\Documents\\school\\middleware\\projet\\reservation\\version_node-js\\logs","level":"DEBUG","retentionDays":30},"error":null}
{"timestamp":"2025-10-07T21:12:30.790Z","level":"INFO","message":"Système de logging initialisé","context":{"directory":"C:\\Users\\USER\\OneDrive\\Documents\\school\\middleware\\projet\\reservation\\version_node-js\\logs","level":"DEBUG","retentionDays":30},"error":null}
{"timestamp":"2025-10-07T21:12:30.799Z","level":"INFO","message":"Serveur CinéReserve démarré sur le port 3000","context":{"port":3000,"environment":"development"},"error":null}
{"timestamp":"2025-10-07T21:12:32.245Z","level":"INFO","message":"Système de logging initialisé","context":{"directory":"C:\\Users\\USER\\OneDrive\\Documents\\school\\middleware\\projet\\reservation\\version_node-js\\logs","level":"DEBUG","retentionDays":30},"error":null}
{"timestamp":"2025-10-07T21:12:32.255Z","level":"INFO","message":"Serveur CinéReserve démarré sur le port 3000","context":{"port":3000,"environment":"development"},"error":null}
{"timestamp":"2025-10-07T21:14:12.158Z","level":"INFO","message":"Système de logging initialisé","context":{"directory":"C:\\Users\\USER\\OneDrive\\Documents\\school\\middleware\\projet\\reservation\\version_node-js\\logs","level":"DEBUG","retentionDays":30},"error":null}
{"timestamp":"2025-10-07T21:14:12.167Z","level":"INFO","message":"Serveur CinéReserve démarré sur le port 3000","context":{"port":3000,"environment":"development"},"error":null}
{"timestamp":"2025-10-07T21:14:13.819Z","level":"INFO","message":"Système de logging initialisé","context":{"directory":"C:\\Users\\USER\\OneDrive\\Documents\\school\\middleware\\projet\\reservation\\version_node-js\\logs","level":"DEBUG","retentionDays":30},"error":null}
{"timestamp":"2025-10-07T21:14:13.828Z","level":"INFO","message":"Serveur CinéReserve démarré sur le port 3000","context":{"port":3000,"environment":"development"},"error":null}
{"timestamp":"2025-10-07T21:14:15.170Z","level":"INFO","message":"Système de logging initialisé","context":{"directory":"C:\\Users\\USER\\OneDrive\\Documents\\school\\middleware\\projet\\reservation\\version_node-js\\logs","level":"DEBUG","retentionDays":30},"error":null}
{"timestamp":"2025-10-07T21:14:15.180Z","level":"INFO","message":"Serveur CinéReserve démarré sur le port 3000","context":{"port":3000,"environment":"development"},"error":null}
{"timestamp":"2025-10-07T21:14:16.568Z","level":"INFO","message":"Système de logging initialisé","context":{"directory":"C:\\Users\\USER\\OneDrive\\Documents\\school\\middleware\\projet\\reservation\\version_node-js\\logs","level":"DEBUG","retentionDays":30},"error":null}
{"timestamp":"2025-10-07T21:14:16.577Z","level":"INFO","message":"Serveur CinéReserve démarré sur le port 3000","context":{"port":3000,"environment":"development"},"error":null}
{"timestamp":"2025-10-07T21:17:15.545Z","level":"INFO","message":"Système de logging initialisé","context":{"directory":"C:\\Users\\USER\\OneDrive\\Documents\\school\\middleware\\projet\\reservation\\version_node-js\\logs","level":"DEBUG","retentionDays":30},"error":null}
{"timestamp":"2025-10-07T21:17:15.553Z","level":"INFO","message":"Serveur CinéReserve démarré sur le port 3000","context":{"port":3000,"environment":"development"},"error":null}
{"timestamp":"2025-10-07T21:17:17.123Z","level":"INFO","message":"Système de logging initialisé","context":{"directory":"C:\\Users\\USER\\OneDrive\\Documents\\school\\middleware\\projet\\reservation\\version_node-js\\logs","level":"DEBUG","retentionDays":30},"error":null}
{"timestamp":"2025-10-07T21:17:17.132Z","level":"INFO","message":"Serveur CinéReserve démarré sur le port 3000","context":{"port":3000,"environment":"development"},"error":null}
{"timestamp":"2025-10-07T21:18:02.469Z","level":"INFO","message":"Système de logging initialisé","context":{"directory":"C:\\Users\\USER\\OneDrive\\Documents\\school\\middleware\\projet\\reservation\\version_node-js\\logs","level":"DEBUG","retentionDays":30},"error":null}
{"timestamp":"2025-10-07T21:18:02.477Z","level":"INFO","message":"Serveur CinéReserve démarré sur le port 3000","context":{"port":3000,"environment":"development"},"error":null}
{"timestamp":"2025-10-07T21:18:20.259Z","level":"INFO","message":"Système de logging initialisé","context":{"directory":"C:\\Users\\USER\\OneDrive\\Documents\\school\\middleware\\projet\\reservation\\version_node-js\\logs","level":"DEBUG","retentionDays":30},"error":null}
{"timestamp":"2025-10-07T21:18:20.274Z","level":"INFO","message":"Serveur CinéReserve démarré sur le port 3000","context":{"port":3000,"environment":"development"},"error":null}
{"timestamp":"2025-10-07T21:18:21.729Z","level":"INFO","message":"Système de logging initialisé","context":{"directory":"C:\\Users\\USER\\OneDrive\\Documents\\school\\middleware\\projet\\reservation\\version_node-js\\logs","level":"DEBUG","retentionDays":30},"error":null}
{"timestamp":"2025-10-07T21:18:21.740Z","level":"INFO","message":"Serveur CinéReserve démarré sur le port 3000","context":{"port":3000,"environment":"development"},"error":null}
{"timestamp":"2025-10-07T21:18:32.847Z","level":"INFO","message":"Système de logging initialisé","context":{"directory":"C:\\Users\\USER\\OneDrive\\Documents\\school\\middleware\\projet\\reservation\\version_node-js\\logs","level":"DEBUG","retentionDays":30},"error":null}
{"timestamp":"2025-10-07T21:18:32.860Z","level":"INFO","message":"Serveur CinéReserve démarré sur le port 3000","context":{"port":3000,"environment":"development"},"error":null}
{"timestamp":"2025-10-07T21:18:35.176Z","level":"INFO","message":"Serveur CinéReserve démarré sur le port 3000","context":{"port":3000,"environment":"development"},"error":null}
{"timestamp":"2025-10-07T21:18:35.165Z","level":"INFO","message":"Système de logging initialisé","context":{"directory":"C:\\Users\\USER\\OneDrive\\Documents\\school\\middleware\\projet\\reservation\\version_node-js\\logs","level":"DEBUG","retentionDays":30},"error":null}
{"timestamp":"2025-10-07T21:22:00.668Z","level":"INFO","message":"Système de logging initialisé","context":{"directory":"C:\\Users\\USER\\OneDrive\\Documents\\school\\middleware\\projet\\reservation\\version_node-js\\logs","level":"DEBUG","retentionDays":30},"error":null}
{"timestamp":"2025-10-07T21:22:00.677Z","level":"INFO","message":"Serveur CinéReserve démarré sur le port 3000","context":{"port":3000,"environment":"development"},"error":null}
{"timestamp":"2025-10-07T21:22:07.993Z","level":"INFO","message":"Système de logging initialisé","context":{"directory":"C:\\Users\\USER\\OneDrive\\Documents\\school\\middleware\\projet\\reservation\\version_node-js\\logs","level":"DEBUG","retentionDays":30},"error":null}
{"timestamp":"2025-10-07T21:22:08.002Z","level":"INFO","message":"Serveur CinéReserve démarré sur le port 3000","context":{"port":3000,"environment":"development"},"error":null}
{"timestamp":"2025-10-07T21:22:09.094Z","level":"INFO","message":"Serveur CinéReserve démarré sur le port 3000","context":{"port":3000,"environment":"development"},"error":null}
{"timestamp":"2025-10-07T21:22:09.086Z","level":"INFO","message":"Système de logging initialisé","context":{"directory":"C:\\Users\\USER\\OneDrive\\Documents\\school\\middleware\\projet\\reservation\\version_node-js\\logs","level":"DEBUG","retentionDays":30},"error":null}
{"timestamp":"2025-10-07T21:22:11.005Z","level":"INFO","message":"Système de logging initialisé","context":{"directory":"C:\\Users\\USER\\OneDrive\\Documents\\school\\middleware\\projet\\reservation\\version_node-js\\logs","level":"DEBUG","retentionDays":30},"error":null}
{"timestamp":"2025-10-07T21:22:11.015Z","level":"INFO","message":"Serveur CinéReserve démarré sur le port 3000","context":{"port":3000,"environment":"development"},"error":null}
{"timestamp":"2025-10-07T21:24:03.068Z","level":"INFO","message":"Système de logging initialisé","context":{"directory":"C:\\Users\\USER\\OneDrive\\Documents\\school\\middleware\\projet\\reservation\\version_node-js\\logs","level":"DEBUG","retentionDays":30},"error":null}
{"timestamp":"2025-10-07T21:24:03.079Z","level":"INFO","message":"Serveur CinéReserve démarré sur le port 3000","context":{"port":3000,"environment":"development"},"error":null}
{"timestamp":"2025-10-07T21:24:04.812Z","level":"INFO","message":"Système de logging initialisé","context":{"directory":"C:\\Users\\USER\\OneDrive\\Documents\\school\\middleware\\projet\\reservation\\version_node-js\\logs","level":"DEBUG","retentionDays":30},"error":null}
{"timestamp":"2025-10-07T21:24:04.820Z","level":"INFO","message":"Serveur CinéReserve démarré sur le port 3000","context":{"port":3000,"environment":"development"},"error":null}
{"timestamp":"2025-10-07T21:24:11.409Z","level":"INFO","message":"Système de logging initialisé","context":{"directory":"C:\\Users\\USER\\OneDrive\\Documents\\school\\middleware\\projet\\reservation\\version_node-js\\logs","level":"DEBUG","retentionDays":30},"error":null}
{"timestamp":"2025-10-07T21:24:11.418Z","level":"INFO","message":"Serveur CinéReserve démarré sur le port 3000","context":{"port":3000,"environment":"development"},"error":null}
{"timestamp":"2025-10-07T21:24:16.180Z","level":"INFO","message":"Système de logging initialisé","context":{"directory":"C:\\Users\\USER\\OneDrive\\Documents\\school\\middleware\\projet\\reservation\\version_node-js\\logs","level":"DEBUG","retentionDays":30},"error":null}
{"timestamp":"2025-10-07T21:24:16.190Z","level":"INFO","message":"Serveur CinéReserve démarré sur le port 3000","context":{"port":3000,"environment":"development"},"error":null}
{"timestamp":"2025-10-07T21:28:46.448Z","level":"INFO","message":"Système de logging initialisé","context":{"directory":"C:\\Users\\USER\\OneDrive\\Documents\\school\\middleware\\projet\\reservation\\version_node-js\\logs","level":"DEBUG","retentionDays":30},"error":null}
{"timestamp":"2025-10-07T21:28:46.457Z","level":"INFO","message":"Serveur CinéReserve démarré sur le port 3000","context":{"port":3000,"environment":"development"},"error":null}
{"timestamp":"2025-10-07T21:28:48.047Z","level":"INFO","message":"Système de logging initialisé","context":{"directory":"C:\\Users\\USER\\OneDrive\\Documents\\school\\middleware\\projet\\reservation\\version_node-js\\logs","level":"DEBUG","retentionDays":30},"error":null}
{"timestamp":"2025-10-07T21:28:48.056Z","level":"INFO","message":"Serveur CinéReserve démarré sur le port 3000","context":{"port":3000,"environment":"development"},"error":null}
{"timestamp":"2025-10-07T21:28:48.959Z","level":"INFO","message":"Serveur CinéReserve démarré sur le port 3000","context":{"port":3000,"environment":"development"},"error":null}
{"timestamp":"2025-10-07T21:28:48.950Z","level":"INFO","message":"Système de logging initialisé","context":{"directory":"C:\\Users\\USER\\OneDrive\\Documents\\school\\middleware\\projet\\reservation\\version_node-js\\logs","level":"DEBUG","retentionDays":30},"error":null}
{"timestamp":"2025-10-07T21:29:19.936Z","level":"INFO","message":"Système de logging initialisé","context":{"directory":"C:\\Users\\USER\\OneDrive\\Documents\\school\\middleware\\projet\\reservation\\version_node-js\\logs","level":"DEBUG","retentionDays":30},"error":null}
{"timestamp":"2025-10-07T21:29:19.945Z","level":"INFO","message":"Serveur CinéReserve démarré sur le port 3000","context":{"port":3000,"environment":"development"},"error":null}
{"timestamp":"2025-10-07T21:29:21.354Z","level":"INFO","message":"Système de logging initialisé","context":{"directory":"C:\\Users\\USER\\OneDrive\\Documents\\school\\middleware\\projet\\reservation\\version_node-js\\logs","level":"DEBUG","retentionDays":30},"error":null}
{"timestamp":"2025-10-07T21:29:21.362Z","level":"INFO","message":"Serveur CinéReserve démarré sur le port 3000","context":{"port":3000,"environment":"development"},"error":null}
{"timestamp":"2025-10-07T21:29:22.395Z","level":"INFO","message":"Système de logging initialisé","context":{"directory":"C:\\Users\\USER\\OneDrive\\Documents\\school\\middleware\\projet\\reservation\\version_node-js\\logs","level":"DEBUG","retentionDays":30},"error":null}
{"timestamp":"2025-10-07T21:29:22.406Z","level":"INFO","message":"Serveur CinéReserve démarré sur le port 3000","context":{"port":3000,"environment":"development"},"error":null}
{"timestamp":"2025-10-07T21:29:24.653Z","level":"INFO","message":"Système de logging initialisé","context":{"directory":"C:\\Users\\USER\\OneDrive\\Documents\\school\\middleware\\projet\\reservation\\version_node-js\\logs","level":"DEBUG","retentionDays":30},"error":null}
{"timestamp":"2025-10-07T21:29:24.663Z","level":"INFO","message":"Serveur CinéReserve démarré sur le port 3000","context":{"port":3000,"environment":"development"},"error":null}
{"timestamp":"2025-10-07T21:29:25.344Z","level":"INFO","message":"Système de logging initialisé","context":{"directory":"C:\\Users\\USER\\OneDrive\\Documents\\school\\middleware\\projet\\reservation\\version_node-js\\logs","level":"DEBUG","retentionDays":30},"error":null}
{"timestamp":"2025-10-07T21:29:25.354Z","level":"INFO","message":"Serveur CinéReserve démarré sur le port 3000","context":{"port":3000,"environment":"development"},"error":null}
{"timestamp":"2025-10-07T21:31:16.253Z","level":"INFO","message":"Système de logging initialisé","context":{"directory":"C:\\Users\\USER\\OneDrive\\Documents\\school\\middleware\\projet\\reservation\\version_node-js\\logs","level":"DEBUG","retentionDays":30},"error":null}
{"timestamp":"2025-10-07T21:31:16.262Z","level":"INFO","message":"Serveur CinéReserve démarré sur le port 3000","context":{"port":3000,"environment":"development"},"error":null}
{"timestamp":"2025-10-07T21:31:17.609Z","level":"INFO","message":"Système de logging initialisé","context":{"directory":"C:\\Users\\USER\\OneDrive\\Documents\\school\\middleware\\projet\\reservation\\version_node-js\\logs","level":"DEBUG","retentionDays":30},"error":null}
{"timestamp":"2025-10-07T21:31:17.618Z","level":"INFO","message":"Serveur CinéReserve démarré sur le port 3000","context":{"port":3000,"environment":"development"},"error":null}
{"timestamp":"2025-10-07T21:32:03.980Z","level":"INFO","message":"Système de logging initialisé","context":{"directory":"C:\\Users\\USER\\OneDrive\\Documents\\school\\middleware\\projet\\reservation\\version_node-js\\logs","level":"DEBUG","retentionDays":30},"error":null}
{"timestamp":"2025-10-07T21:32:03.988Z","level":"INFO","message":"Serveur CinéReserve démarré sur le port 3000","context":{"port":3000,"environment":"development"},"error":null}
{"timestamp":"2025-10-07T21:32:05.332Z","level":"INFO","message":"Système de logging initialisé","context":{"directory":"C:\\Users\\USER\\OneDrive\\Documents\\school\\middleware\\projet\\reservation\\version_node-js\\logs","level":"DEBUG","retentionDays":30},"error":null}
{"timestamp":"2025-10-07T21:32:05.339Z","level":"INFO","message":"Serveur CinéReserve démarré sur le port 3000","context":{"port":3000,"environment":"development"},"error":null}
{"timestamp":"2025-10-07T21:32:06.714Z","level":"INFO","message":"Système de logging initialisé","context":{"directory":"C:\\Users\\USER\\OneDrive\\Documents\\school\\middleware\\projet\\reservation\\version_node-js\\logs","level":"DEBUG","retentionDays":30},"error":null}
{"timestamp":"2025-10-07T21:32:06.723Z","level":"INFO","message":"Serveur CinéReserve démarré sur le port 3000","context":{"port":3000,"environment":"development"},"error":null}
{"timestamp":"2025-10-07T21:32:08.978Z","level":"INFO","message":"Système de logging initialisé","context":{"directory":"C:\\Users\\USER\\OneDrive\\Documents\\school\\middleware\\projet\\reservation\\version_node-js\\logs","level":"DEBUG","retentionDays":30},"error":null}
{"timestamp":"2025-10-07T21:32:08.987Z","level":"INFO","message":"Serveur CinéReserve démarré sur le port 3000","context":{"port":3000,"environment":"development"},"error":null}
{"timestamp":"2025-10-07T21:32:44.758Z","level":"INFO","message":"Système de logging initialisé","context":{"directory":"C:\\Users\\USER\\OneDrive\\Documents\\school\\middleware\\projet\\reservation\\version_node-js\\logs","level":"DEBUG","retentionDays":30},"error":null}
{"timestamp":"2025-10-07T21:32:44.768Z","level":"INFO","message":"Serveur CinéReserve démarré sur le port 3000","context":{"port":3000,"environment":"development"},"error":null}
{"timestamp":"2025-10-07T21:32:46.167Z","level":"INFO","message":"Système de logging initialisé","context":{"directory":"C:\\Users\\USER\\OneDrive\\Documents\\school\\middleware\\projet\\reservation\\version_node-js\\logs","level":"DEBUG","retentionDays":30},"error":null}
{"timestamp":"2025-10-07T21:32:46.175Z","level":"INFO","message":"Serveur CinéReserve démarré sur le port 3000","context":{"port":3000,"environment":"development"},"error":null}
{"timestamp":"2025-10-07T21:32:46.995Z","level":"INFO","message":"Système de logging initialisé","context":{"directory":"C:\\Users\\USER\\OneDrive\\Documents\\school\\middleware\\projet\\reservation\\version_node-js\\logs","level":"DEBUG","retentionDays":30},"error":null}
{"timestamp":"2025-10-07T21:32:47.006Z","level":"INFO","message":"Serveur CinéReserve démarré sur le port 3000","context":{"port":3000,"environment":"development"},"error":null}
{"timestamp":"2025-10-07T21:32:49.376Z","level":"INFO","message":"Système de logging initialisé","context":{"directory":"C:\\Users\\USER\\OneDrive\\Documents\\school\\middleware\\projet\\reservation\\version_node-js\\logs","level":"DEBUG","retentionDays":30},"error":null}
{"timestamp":"2025-10-07T21:32:49.388Z","level":"INFO","message":"Serveur CinéReserve démarré sur le port 3000","context":{"port":3000,"environment":"development"},"error":null}
{"timestamp":"2025-10-07T21:33:09.380Z","level":"INFO","message":"Système de logging initialisé","context":{"directory":"C:\\Users\\USER\\OneDrive\\Documents\\school\\middleware\\projet\\reservation\\version_node-js\\logs","level":"DEBUG","retentionDays":30},"error":null}
{"timestamp":"2025-10-07T21:33:09.386Z","level":"INFO","message":"Serveur CinéReserve démarré sur le port 3000","context":{"port":3000,"environment":"development"},"error":null}
{"timestamp":"2025-10-07T21:33:10.834Z","level":"INFO","message":"Système de logging initialisé","context":{"directory":"C:\\Users\\USER\\OneDrive\\Documents\\school\\middleware\\projet\\reservation\\version_node-js\\logs","level":"DEBUG","retentionDays":30},"error":null}
{"timestamp":"2025-10-07T21:33:10.842Z","level":"INFO","message":"Serveur CinéReserve démarré sur le port 3000","context":{"port":3000,"environment":"development"},"error":null}
{"timestamp":"2025-10-07T21:33:14.990Z","level":"INFO","message":"Système de logging initialisé","context":{"directory":"C:\\Users\\USER\\OneDrive\\Documents\\school\\middleware\\projet\\reservation\\version_node-js\\logs","level":"DEBUG","retentionDays":30},"error":null}
{"timestamp":"2025-10-07T21:33:14.999Z","level":"INFO","message":"Serveur CinéReserve démarré sur le port 3000","context":{"port":3000,"environment":"development"},"error":null}
{"timestamp":"2025-10-07T21:33:17.168Z","level":"INFO","message":"Système de logging initialisé","context":{"directory":"C:\\Users\\USER\\OneDrive\\Documents\\school\\middleware\\projet\\reservation\\version_node-js\\logs","level":"DEBUG","retentionDays":30},"error":null}
{"timestamp":"2025-10-07T21:33:17.178Z","level":"INFO","message":"Serveur CinéReserve démarré sur le port 3000","context":{"port":3000,"environment":"development"},"error":null}
{"timestamp":"2025-10-07T21:33:37.300Z","level":"INFO","message":"Système de logging initialisé","context":{"directory":"C:\\Users\\USER\\OneDrive\\Documents\\school\\middleware\\projet\\reservation\\version_node-js\\logs","level":"DEBUG","retentionDays":30},"error":null}
{"timestamp":"2025-10-07T21:33:37.308Z","level":"INFO","message":"Serveur CinéReserve démarré sur le port 3000","context":{"port":3000,"environment":"development"},"error":null}
{"timestamp":"2025-10-07T21:33:39.542Z","level":"INFO","message":"Système de logging initialisé","context":{"directory":"C:\\Users\\USER\\OneDrive\\Documents\\school\\middleware\\projet\\reservation\\version_node-js\\logs","level":"DEBUG","retentionDays":30},"error":null}
{"timestamp":"2025-10-07T21:33:39.554Z","level":"INFO","message":"Serveur CinéReserve démarré sur le port 3000","context":{"port":3000,"environment":"development"},"error":null}
{"timestamp":"2025-10-07T21:33:39.777Z","level":"INFO","message":"Système de logging initialisé","context":{"directory":"C:\\Users\\USER\\OneDrive\\Documents\\school\\middleware\\projet\\reservation\\version_node-js\\logs","level":"DEBUG","retentionDays":30},"error":null}
{"timestamp":"2025-10-07T21:33:39.786Z","level":"INFO","message":"Serveur CinéReserve démarré sur le port 3000","context":{"port":3000,"environment":"development"},"error":null}
{"timestamp":"2025-10-07T21:33:41.280Z","level":"INFO","message":"Système de logging initialisé","context":{"directory":"C:\\Users\\USER\\OneDrive\\Documents\\school\\middleware\\projet\\reservation\\version_node-js\\logs","level":"DEBUG","retentionDays":30},"error":null}
{"timestamp":"2025-10-07T21:33:41.289Z","level":"INFO","message":"Serveur CinéReserve démarré sur le port 3000","context":{"port":3000,"environment":"development"},"error":null}
{"timestamp":"2025-10-07T21:38:32.437Z","level":"INFO","message":"Système de logging initialisé","context":{"directory":"C:\\Users\\USER\\OneDrive\\Documents\\school\\middleware\\projet\\reservation\\version_node-js\\logs","level":"DEBUG","retentionDays":30},"error":null}
{"timestamp":"2025-10-07T21:38:32.445Z","level":"INFO","message":"Serveur CinéReserve démarré sur le port 3000","context":{"port":3000,"environment":"development"},"error":null}
{"timestamp":"2025-10-07T21:50:01.116Z","level":"INFO","message":"Système de logging initialisé","context":{"directory":"C:\\Users\\USER\\OneDrive\\Documents\\school\\middleware\\projet\\reservation\\version_node-js\\logs","level":"DEBUG","retentionDays":30},"error":null}
{"timestamp":"2025-10-07T21:50:01.125Z","level":"INFO","message":"Serveur CinéReserve démarré sur le port 3000","context":{"port":3000,"environment":"development"},"error":null}
{"timestamp":"2025-10-07T21:50:01.970Z","level":"INFO","message":"Système de logging initialisé","context":{"directory":"C:\\Users\\USER\\OneDrive\\Documents\\school\\middleware\\projet\\reservation\\version_node-js\\logs","level":"DEBUG","retentionDays":30},"error":null}
{"timestamp":"2025-10-07T21:50:01.981Z","level":"INFO","message":"Serveur CinéReserve démarré sur le port 3000","context":{"port":3000,"environment":"development"},"error":null}
{"timestamp":"2025-10-07T21:50:03.251Z","level":"INFO","message":"Système de logging initialisé","context":{"directory":"C:\\Users\\USER\\OneDrive\\Documents\\school\\middleware\\projet\\reservation\\version_node-js\\logs","level":"DEBUG","retentionDays":30},"error":null}
{"timestamp":"2025-10-07T21:50:03.260Z","level":"INFO","message":"Serveur CinéReserve démarré sur le port 3000","context":{"port":3000,"environment":"development"},"error":null}
{"timestamp":"2025-10-07T21:52:02.203Z","level":"INFO","message":"Système de logging initialisé","context":{"directory":"C:\\Users\\USER\\OneDrive\\Documents\\school\\middleware\\projet\\reservation\\version_node-js\\logs","level":"DEBUG","retentionDays":30},"error":null}
{"timestamp":"2025-10-07T21:52:02.215Z","level":"INFO","message":"Serveur CinéReserve démarré sur le port 3000","context":{"port":3000,"environment":"development"},"error":null}
{"timestamp":"2025-10-07T21:52:03.897Z","level":"INFO","message":"Système de logging initialisé","context":{"directory":"C:\\Users\\USER\\OneDrive\\Documents\\school\\middleware\\projet\\reservation\\version_node-js\\logs","level":"DEBUG","retentionDays":30},"error":null}
{"timestamp":"2025-10-07T21:52:03.908Z","level":"INFO","message":"Serveur CinéReserve démarré sur le port 3000","context":{"port":3000,"environment":"development"},"error":null}
{"timestamp":"2025-10-07T21:55:20.657Z","level":"DEBUG","message":"Requête entrante : POST /login","context":{"method":"POST","url":"/login","ip":"::1","userAgent":"curl/8.14.1","referer":null,"contentLength":"44","requestId":"fd1725dab6669d18ed5f382d20ded670"},"error":null}
{"timestamp":"2025-10-07T21:55:20.660Z","level":"INFO","message":"Événement de sécurité : login_success","context":{"security":true,"event":"login_success","userId":1,"username":"admin","method":"POST","url":"/login","ip":"::1","userAgent":"curl/8.14.1","referer":null,"contentLength":"44","requestId":"fd1725dab6669d18ed5f382d20ded670"},"error":null}
{"timestamp":"2025-10-07T21:55:20.662Z","level":"INFO","message":"Requête terminée : POST /login","context":{"method":"POST","url":"/login","ip":"::1","userAgent":"curl/8.14.1","referer":null,"contentLength":"44","requestId":"fd1725dab6669d18ed5f382d20ded670","statusCode":200,"duration":9},"error":null}
{"timestamp":"2025-10-07T21:55:42.978Z","level":"DEBUG","message":"Requête entrante : GET /films","context":{"method":"GET","url":"/films","ip":"::1","userAgent":"curl/8.14.1","referer":null,"contentLength":0,"requestId":"b638983aec8b878ff8046d2615270d6a"},"error":null}
{"timestamp":"2025-10-07T21:55:42.980Z","level":"INFO","message":"Requête terminée : GET /films","context":{"method":"GET","url":"/films","ip":"::1","userAgent":"curl/8.14.1","referer":null,"contentLength":0,"requestId":"b638983aec8b878ff8046d2615270d6a","statusCode":200,"duration":2},"error":null}
{"timestamp":"2025-10-07T21:57:23.713Z","level":"DEBUG","message":"Requête entrante : POST /signup","context":{"method":"POST","url":"/signup","ip":"::1","userAgent":"curl/8.14.1","referer":null,"contentLength":"57","requestId":"327c25f5b75ffa26d41a689461224d12"},"error":null}
{"timestamp":"2025-10-07T21:57:23.715Z","level":"INFO","message":"Requête terminée : POST /signup","context":{"method":"POST","url":"/signup","ip":"::1","userAgent":"curl/8.14.1","referer":null,"contentLength":"57","requestId":"327c25f5b75ffa26d41a689461224d12","statusCode":201,"duration":3},"error":null}
{"timestamp":"2025-10-07T21:57:23.717Z","level":"INFO","message":"Événement de sécurité : signup","context":{"security":true,"event":"signup","userId":13,"username":"test","method":"POST","url":"/signup","ip":"::1","userAgent":"curl/8.14.1","referer":null,"contentLength":"57","requestId":"327c25f5b75ffa26d41a689461224d12"},"error":null}
{"timestamp":"2025-10-07T21:57:24.032Z","level":"INFO","message":"Système de logging initialisé","context":{"directory":"C:\\Users\\USER\\OneDrive\\Documents\\school\\middleware\\projet\\reservation\\version_node-js\\logs","level":"DEBUG","retentionDays":30},"error":null}
{"timestamp":"2025-10-07T21:57:24.042Z","level":"INFO","message":"Serveur CinéReserve démarré sur le port 3000","context":{"port":3000,"environment":"development"},"error":null}
{"timestamp":"2025-10-07T22:02:33.730Z","level":"DEBUG","message":"Requête entrante : POST /signup","context":{"method":"POST","url":"/signup","ip":"::1","userAgent":"PostmanRuntime/7.48.0","referer":null,"contentLength":"60","requestId":"db2481bfe1f84f935433ea227eaf318c"},"error":null}
{"timestamp":"2025-10-07T22:02:33.746Z","level":"INFO","message":"Requête terminée : POST /signup","context":{"method":"POST","url":"/signup","ip":"::1","userAgent":"PostmanRuntime/7.48.0","referer":null,"contentLength":"60","requestId":"db2481bfe1f84f935433ea227eaf318c","statusCode":201,"duration":27},"error":null}
{"timestamp":"2025-10-07T22:02:33.751Z","level":"INFO","message":"Événement de sécurité : signup","context":{"security":true,"event":"signup","userId":14,"username":"newuser","method":"POST","url":"/signup","ip":"::1","userAgent":"PostmanRuntime/7.48.0","referer":null,"contentLength":"60","requestId":"db2481bfe1f84f935433ea227eaf318c"},"error":null}
{"timestamp":"2025-10-07T22:02:34.238Z","level":"INFO","message":"Système de logging initialisé","context":{"directory":"C:\\Users\\USER\\OneDrive\\Documents\\school\\middleware\\projet\\reservation\\version_node-js\\logs","level":"DEBUG","retentionDays":30},"error":null}
{"timestamp":"2025-10-07T22:02:34.252Z","level":"INFO","message":"Serveur CinéReserve démarré sur le port 3000","context":{"port":3000,"environment":"development"},"error":null}
{"timestamp":"2025-10-07T22:03:18.225Z","level":"DEBUG","message":"Requête entrante : POST /login","context":{"method":"POST","url":"/login","ip":"::1","userAgent":"PostmanRuntime/7.48.0","referer":null,"contentLength":"44","requestId":"73e76619bdb97366ac528fd2d63ad2a7"},"error":null}
{"timestamp":"2025-10-07T22:03:18.229Z","level":"INFO","message":"Événement de sécurité : login_success","context":{"security":true,"event":"login_success","userId":14,"username":"newuser","method":"POST","url":"/login","ip":"::1","userAgent":"PostmanRuntime/7.48.0","referer":null,"contentLength":"44","requestId":"73e76619bdb97366ac528fd2d63ad2a7"},"error":null}
{"timestamp":"2025-10-07T22:03:18.232Z","level":"INFO","message":"Requête terminée : POST /login","context":{"method":"POST","url":"/login","ip":"::1","userAgent":"PostmanRuntime/7.48.0","referer":null,"contentLength":"44","requestId":"73e76619bdb97366ac528fd2d63ad2a7","statusCode":200,"duration":10},"error":null}
